\BOOKMARK [1][-]{section.1}{\376\377\000B\000e\000v\000e\000z\000e\000t\000\351\000s}{}% 1
\BOOKMARK [1][-]{section.2}{\376\377\000M\000e\000z\001\121\000o\000r\000i\000e\000n\000t\000\341\000l\000t\000\040\000s\000z\000a\000b\000\341\000l\000y\000o\000z\000\341\000s\000\040\000e\000l\000v\000i\000\040\000f\000e\000l\000\351\000p\000\355\000t\000\351\000s\000e\000\040\000\351\000s\000\040\000b\000e\000m\000u\000t\000a\000t\000\341\000s\000a}{}% 2
\BOOKMARK [1][-]{section.3}{\376\377\000A\000s\000z\000i\000n\000k\000r\000o\000n\000\040\000g\000\351\000p\000\040\000h\000e\000l\000y\000e\000t\000t\000e\000s\000\355\000t\001\121\000\040\000\341\000r\000a\000m\000k\000\366\000r\000e\000\040\000\351\000s\000\040\000e\000g\000y\000e\000n\000l\000e\000t\000e\000i\000\040}{}% 3
\BOOKMARK [2][-]{subsection.3.1}{\376\377\000F\000e\000s\000z\000\374\000l\000t\000s\000\351\000g\000\040\000e\000g\000y\000e\000n\000l\000e\000t\000e\000k}{section.3}% 4
\BOOKMARK [2][-]{subsection.3.2}{\376\377\000F\000l\000u\000x\000u\000s\000\040\000\351\000s\000\040\000i\000n\000d\000u\000k\000t\000i\000v\000i\000t\000\341\000s\000\040\000e\000g\000y\000e\000n\000l\000e\000t\000e\000k}{section.3}% 5
\BOOKMARK [2][-]{subsection.3.3}{\376\377\000N\000y\000o\000m\000a\000t\000\351\000k\000\040\000e\000g\000y\000e\000n\000l\000e\000t\000e\000k}{section.3}% 6
\BOOKMARK [1][-]{section.4}{\376\377\000M\000a\000x\000i\000m\000u\000m\000\040\000n\000y\000o\000m\000a\000t\000\351\000k\000\040\000p\000e\000r\000\040\000a\000m\000p\000e\000r\000\040\000s\000t\000r\000a\000t\000\351\000g\000i\000a\000\040\000t\000e\000r\000v\000e\000z\000\351\000s\000e}{}% 7
\BOOKMARK [2][-]{subsection.4.1}{\376\377\000K\000o\000m\000p\000o\000n\000e\000n\000s\000\040\000c\000\351\000l\000j\000a}{section.4}% 8
\BOOKMARK [2][-]{subsection.4.2}{\376\377\000D\000\040\000-\000\040\000Q\000\040\000\341\000r\000a\000m\000o\000k\000\040\000m\000e\000g\000h\000a\000t\000\341\000r\000o\000z\000\341\000s\000a}{section.4}% 9
\BOOKMARK [2][-]{subsection.4.3}{\376\377\000M\000\341\000g\000n\000e\000s\000e\000s\000\040\000t\000e\000l\000\355\000t\001\121\000d\000\351\000s\000\040\000\351\000s\000\040\000N\000O\000\040\000L\000O\000A\000D\000\040\000t\000e\000s\000z\000t}{section.4}% 10
\BOOKMARK [2][-]{subsection.4.4}{\376\377\000M\000\341\000g\000n\000e\000s\000e\000z\001\121\000\040\000\341\000r\000a\000m\000\040\000n\000a\000g\000y\000s\000\341\000g\000\341\000n\000a\000k\000\040\000m\000e\000g\000h\000a\000t\000\341\000r\000o\000z\000\341\000s\000a\000\040}{section.4}% 11
\BOOKMARK [2][-]{subsection.4.5}{\376\377\000F\001\121\000m\000e\000z\001\121\000\040\000i\000n\000d\000u\000k\000t\000i\000v\000i\000t\000\341\000s\000\040\000m\000e\000g\000h\000a\000t\000\341\000r\000o\000z\000\341\000s\000a\000\040\000i\000t\000e\000r\000a\000t\000\355\000v\000\040\000m\000\363\000d\000o\000n\000\040}{section.4}% 12
\BOOKMARK [2][-]{subsection.4.6}{\376\377\000F\000e\000s\000z\000\374\000l\000t\000s\000\351\000g\000\040\000\351\000s\000\040\000\341\000r\000a\000m\000\040\000l\000i\000m\000i\000t}{section.4}% 13
\BOOKMARK [2][-]{subsection.4.7}{\376\377\000S\000z\000i\000n\000k\000r\000o\000n\000\040\000s\000e\000b\000e\000s\000s\000\351\000g\000\040\000m\000e\000g\000h\000a\000t\000\341\000r\000o\000z\000\341\000s\000a}{section.4}% 14
\BOOKMARK [2][-]{subsection.4.8}{\376\377\000M\000T\000P\000A\000\040\000s\000z\000i\000m\000u\000l\000\341\000c\000i\000\363\000s\000\040\000e\000r\000e\000d\000m\000\351\000n\000y\000e\000k}{section.4}% 15
\BOOKMARK [1][-]{section.5}{\376\377\000D\000-\000Q\000\040\000\341\000r\000a\000m\000s\000z\000a\000b\000\341\000l\000y\000z\000\363\000k\000\040\000t\000e\000r\000v\000e\000z\000\351\000s\000e}{}% 16
\BOOKMARK [2][-]{subsection.5.1}{\376\377\000P\000I\000\040\000s\000z\000a\000b\000\341\000l\000y\000z\000\363\000\040\000f\000o\000l\000y\000t\000o\000n\000o\000s\000\040\000m\000o\000d\000e\000l\000l\000j\000e}{section.5}% 17
\BOOKMARK [2][-]{subsection.5.2}{\376\377\000E\000u\000l\000e\000r\000\040\000\351\000s\000\040\000t\000r\000a\000p\000\351\000z\000\040\000m\000\363\000d\000s\000z\000e\000r\000\040}{section.5}% 18
\BOOKMARK [2][-]{subsection.5.3}{\376\377\000A\000n\000t\000i\000-\000w\000i\000n\000d\000u\000p\000\040\000t\000e\000c\000h\000n\000i\000k\000a\000\040}{section.5}% 19
\BOOKMARK [2][-]{subsection.5.4}{\376\377\000\301\000r\000a\000m\000s\000z\000a\000b\000\341\000l\000y\000z\000\363\000\040\000S\000i\000m\000u\000l\000i\000n\000k\000e\000s\000\040\000i\000m\000p\000l\000e\000m\000e\000n\000t\000\341\000c\000i\000\363\000j\000a\000\040}{section.5}% 20
\BOOKMARK [1][-]{section.6}{\376\377\000H\000\341\000r\000o\000m\000f\000\341\000z\000i\000s\000\372\000\040\000k\000\351\000t\000\040\000s\000z\000i\000n\000t\001\161\000\040\000i\000n\000v\000e\000r\000t\000e\000r\000\040\000b\000e\000m\000u\000t\000a\000t\000\341\000s\000a}{}% 21
\BOOKMARK [2][-]{subsection.6.1}{\376\377\000A\000z\000\040\000i\000n\000v\000e\000r\000t\000e\000r\000\040\000\341\000l\000t\000a\000l\000\341\000n\000o\000s\000\040\000f\000e\000l\000\351\000p\000\355\000t\000\351\000s\000e}{section.6}% 22
\BOOKMARK [2][-]{subsection.6.2}{\376\377\000K\000a\000p\000c\000s\000o\000l\000\341\000s\000i\000\040\000\341\000l\000l\000a\000p\000o\000t\000o\000k}{section.6}% 23
\BOOKMARK [1][-]{section.7}{\376\377\000I\000n\000v\000e\000r\000t\000e\000r\000v\000e\000z\000\351\000r\000l\000\351\000s\000\040\000t\000e\000r\000v\000e\000z\000\351\000s\000e\000\040}{}% 24
\BOOKMARK [2][-]{subsection.7.1}{\376\377\000T\000\351\000r\000v\000e\000k\000t\000o\000r\000\040\000\050\000S\000V\000P\000W\000M\000\051\000\040\000\351\000s\000\040\000s\000z\000i\000n\000u\000s\000z\000o\000s\000\040\000\050\000S\000V\000M\000\051\000\040\000m\000o\000d\000u\000l\000\341\000c\000i\000\363\000\040\000\366\000s\000s\000z\000e\000h\000a\000s\000o\000n\000l\000\355\000t\000\341\000s\000a\000\040}{section.7}% 25
\BOOKMARK [2][-]{subsection.7.2}{\376\377\000T\000\351\000r\000v\000e\000k\000t\000o\000r\000\040\000m\000o\000d\000u\000l\000\341\000c\000i\000\363\000\040\000b\000e\000m\000u\000t\000a\000t\000\341\000s\000a\000\040}{section.7}% 26
\BOOKMARK [2][-]{subsection.7.3}{\376\377\000S\000z\000i\000m\000u\000l\000\341\000c\000i\000\363\000s\000\040\000e\000r\000e\000d\000e\000m\000\351\000n\000y\000e\000k}{section.7}% 27
\BOOKMARK [1][-]{section.8}{\376\377\000R\000o\000t\000o\000r\000f\000l\000u\000x\000u\000s\000\040\000b\000e\000c\000s\000l\001\121\000\040\000t\000e\000r\000v\000e\000z\000\351\000s\000e}{}% 28
\BOOKMARK [1][-]{section.9}{\376\377\000T\000e\000s\000z\000t\000e\000l\000\351\000s\000\040\000:\000\040\000S\000e\000b\000e\000s\000s\000\351\000g\000s\000z\000a\000b\000\341\000l\000y\000o\000z\000\341\000s}{}% 29
\BOOKMARK [2][-]{subsection.9.1}{\376\377\000F\000\341\000z\000i\000s\000\040\000f\000e\000s\000z\000\374\000l\000t\000s\000\351\000g\000e\000k\000\040\000v\000i\000s\000s\000z\000a\000a\000l\000a\000k\000\355\000t\000\341\000s\000a\000\040\000k\000i\000t\000\366\000l\000t\000\351\000s\000s\000\351}{section.9}% 30
\BOOKMARK [2][-]{subsection.9.2}{\376\377\000O\000p\000t\000i\000m\000\341\000l\000i\000s\000\040\000s\000z\001\161\000r\001\121\000e\000g\000y\000\374\000t\000t\000h\000a\000t\000\363\000\040\000s\000z\000\341\000m\000o\000l\000\341\000s\000a\000\040\000a\000l\000u\000l\000\341\000t\000e\000r\000e\000s\000z\000t\001\121\000\040\000I\000R\000R\000\040\000s\000z\001\161\000r\001\121\000h\000\366\000z\000\040}{section.9}% 31
\BOOKMARK [2][-]{subsection.9.3}{\376\377\000U\000/\000f\000\040\000c\000o\000n\000t\000r\000o\000l}{section.9}% 32
\BOOKMARK [1][-]{section.10}{\376\377\000T\000e\000s\000z\000t\000e\000l\000\351\000s\000:\000\040\000N\000y\000o\000m\000a\000t\000\351\000k\000s\000z\000a\000b\000\341\000l\000y\000o\000z\000\341\000s\000\040\000\050\000F\000O\000C\000\051}{}% 33
\BOOKMARK [2][-]{subsection.10.1}{\376\377\000\040\000S\000z\000i\000m\000u\000l\000\341\000c\000i\000\363\000\040\000p\000a\000r\000a\000m\000\351\000t\000e\000r\000e\000i}{section.10}% 34
\BOOKMARK [2][-]{subsection.10.2}{\376\377\000\040\000M\000\351\000r\000\351\000s\000e\000k\000\040}{section.10}% 35
\BOOKMARK [1][-]{section.11}{\376\377\000\326\000s\000s\000z\000e\000g\000z\000\351\000s\000\040\000\351\000s\000\040\000t\000o\000v\000\341\000b\000b\000f\000e\000j\000l\000e\000s\000z\000t\000\351\000s\000i\000\040\000l\000e\000h\000e\000t\001\121\000s\000\351\000g\000e\000k}{}% 36
\BOOKMARK [1][-]{section.12}{\376\377\000G\000l\000o\000s\000s\000a\000r\000y}{}% 37
\BOOKMARK [1][-]{section.13}{\376\377\000M\000e\000l\000l\000\351\000k\000l\000e\000t\000e\000k}{}% 38
\BOOKMARK [1][-]{appendix.A}{\376\377\000I\000r\000o\000d\000a\000l\000o\000m\000j\000e\000g\000y\000z\000\351\000k}{}% 39
